Base path: '/Users/hyunahjung/Downloads/2019.2.18f1/Unity.app/Contents', plugins path '/Users/hyunahjung/Downloads/2019.2.18f1/Unity.app/Contents/PlaybackEngines'
Cmd: initializeCompiler
Cmd: compileComputeKernel
  api=14 insize=15806 outsize=53996 ok=1
Cmd: compileComputeKernel
  api=14 insize=15806 outsize=48927 ok=1
Cmd: compileComputeKernel
  api=14 insize=15806 outsize=67640 ok=1
Cmd: compileComputeKernel
  api=14 insize=15806 outsize=23449 ok=1
Cmd: compileComputeKernel
  api=14 insize=15806 outsize=32076 ok=1
Cmd: compileComputeKernel
  api=14 insize=15806 outsize=55809 ok=1
Cmd: compileComputeKernel
  api=14 insize=15806 outsize=62753 ok=1
Cmd: compileComputeKernel
  api=14 insize=15806 outsize=114893 ok=1
Cmd: translateComputeKernel
  api=14 insize=110426 outsize=247111 ok=1
Cmd: translateComputeKernel
  api=14 insize=59383 outsize=117270 ok=1
Cmd: translateComputeKernel
  api=14 insize=59123 outsize=117170 ok=1
Cmd: compileComputeKernel
  api=14 insize=26390 outsize=17507 ok=1
Cmd: compileComputeKernel
  api=14 insize=3927 outsize=9896 ok=1
Cmd: compileComputeKernel
  api=14 insize=1003 outsize=9060 ok=1
Cmd: compileComputeKernel
  api=14 insize=9590 outsize=11818 ok=1
Cmd: compileComputeKernel
  api=14 insize=9730 outsize=11974 ok=1
Cmd: compileComputeKernel
  api=14 insize=5067 outsize=11396 ok=1
Cmd: compileComputeKernel
  api=14 insize=3328 outsize=10743 ok=1
Cmd: compileComputeKernel
  api=14 insize=12177 outsize=1717 ok=1
Cmd: compileComputeKernel
  api=14 insize=7611 outsize=7010 ok=1
Cmd: compileComputeKernel
  api=14 insize=2741 outsize=9605 ok=1
Cmd: compileComputeKernel
  api=14 insize=1881 outsize=1503 ok=1
Cmd: compileComputeKernel
  api=14 insize=22088 outsize=17670 ok=1
Cmd: translateComputeKernel
  api=14 insize=15973 outsize=32752 ok=1
Cmd: translateComputeKernel
  api=14 insize=15488 outsize=13558 ok=1
Cmd: compileComputeKernel
  api=14 insize=3111 outsize=2803 ok=1
Cmd: compileComputeKernel
  api=14 insize=8163 outsize=1164 ok=1
Cmd: compileComputeKernel
  api=14 insize=21149 outsize=103317 ok=1
Cmd: translateComputeKernel
  api=14 insize=103312 outsize=625161 ok=1
Cmd: compileComputeKernel
  api=14 insize=37247 outsize=49002 ok=1
Cmd: translateComputeKernel
  api=14 insize=48270 outsize=94058 ok=1
Cmd: translateComputeKernel
  api=14 insize=17822 outsize=20114 ok=1
Cmd: compileComputeKernel
  api=14 insize=5190 outsize=1375 ok=1
Cmd: compileComputeKernel
  api=14 insize=848 outsize=650 ok=1
Cmd: compileComputeKernel
  api=14 insize=3831 outsize=11180 ok=1
Cmd: translateComputeKernel
  api=14 insize=11180 outsize=5258 ok=1
Cmd: compileComputeKernel
  api=14 insize=7903 outsize=16934 ok=1
Cmd: translateComputeKernel
  api=14 insize=16934 outsize=14472 ok=1
Cmd: compileComputeKernel
  api=14 insize=3740 outsize=1707 ok=1
Cmd: translateComputeKernel
  api=14 insize=13190 outsize=9504 ok=1
Cmd: compileSnippet
  error: 1 plat 14 at (0): This shader might not work on all Metal devices because of texture writes on non-compute shaders.\nCompiling Fragment program
Platform defines: UNITY_ENABLE_REFLECTION_BUFFERS UNITY_USE_DITHER_MASK_FOR_ALPHABLENDED_SHADOWS UNITY_PBS_USE_BRDF1 UNITY_SPECCUBE_BOX_PROJECTION UNITY_SPECCUBE_BLENDING UNITY_ENABLE_DETAIL_NORMALMAP SHADER_API_DESKTOP UNITY_LIGHT_PROBE_PROXY_VOLUME UNITY_LIGHTMAP_FULL_HDR
  api=14 type=1 insize=3240 outsize=7952 kw= pd=UNITY_ENABLE_REFLECTION_BUFFERS UNITY_USE_DITHER_MASK_FOR_ALPHABLENDED_SHADOWS UNITY_PBS_USE_BRDF1 UNITY_SPECCUBE_BOX_PROJECTION UNITY_SPECCUBE_BLENDING UNITY_ENABLE_DETAIL_NORMALMAP SHADER_API_DESKTOP UNITY_LIGHT_PROBE_PROXY_VOLUME UNITY_LIGHTMAP_FULL_HDR ok=1
Cmd: compileSnippet
  api=14 type=1 insize=7331 outsize=20871 kw=DECALS_3RT _NORMALMAP_TANGENT_SPACE _NORMALMAP pd=UNITY_ENABLE_REFLECTION_BUFFERS UNITY_USE_DITHER_MASK_FOR_ALPHABLENDED_SHADOWS UNITY_PBS_USE_BRDF1 UNITY_SPECCUBE_BOX_PROJECTION UNITY_SPECCUBE_BLENDING UNITY_ENABLE_DETAIL_NORMALMAP SHADER_API_DESKTOP UNITY_LIGHT_PROBE_PROXY_VOLUME UNITY_LIGHTMAP_FULL_HDR ok=1
Cmd: compileSnippet
  api=14 type=0 insize=4245 outsize=1092 kw=NEAREST_DEPTH pd=UNITY_ENABLE_REFLECTION_BUFFERS UNITY_USE_DITHER_MASK_FOR_ALPHABLENDED_SHADOWS UNITY_PBS_USE_BRDF1 UNITY_SPECCUBE_BOX_PROJECTION UNITY_SPECCUBE_BLENDING UNITY_ENABLE_DETAIL_NORMALMAP SHADER_API_DESKTOP UNITY_LIGHT_PROBE_PROXY_VOLUME UNITY_LIGHTMAP_FULL_HDR ok=1
Cmd: compileSnippet
  api=14 type=1 insize=4270 outsize=6473 kw= pd=UNITY_ENABLE_REFLECTION_BUFFERS UNITY_USE_DITHER_MASK_FOR_ALPHABLENDED_SHADOWS UNITY_PBS_USE_BRDF1 UNITY_SPECCUBE_BOX_PROJECTION UNITY_SPECCUBE_BLENDING UNITY_ENABLE_DETAIL_NORMALMAP SHADER_API_DESKTOP UNITY_LIGHT_PROBE_PROXY_VOLUME UNITY_LIGHTMAP_FULL_HDR ok=1
Cmd: compileSnippet
  api=14 type=0 insize=6753 outsize=8873 kw=UNITY_PASS_MOTIONVECTORS _NORMALMAP_TANGENT_SPACE _NORMALMAP _MATERIAL_FEATURE_SUBSURFACE_SCATTERING _MATERIAL_FEATURE_TRANSMISSION pd=UNITY_ENABLE_REFLECTION_BUFFERS UNITY_USE_DITHER_MASK_FOR_ALPHABLENDED_SHADOWS UNITY_PBS_USE_BRDF1 UNITY_SPECCUBE_BOX_PROJECTION UNITY_SPECCUBE_BLENDING UNITY_ENABLE_DETAIL_NORMALMAP SHADER_API_DESKTOP UNITY_LIGHT_PROBE_PROXY_VOLUME UNITY_LIGHTMAP_FULL_HDR ok=1
Cmd: compileSnippet
  api=14 type=1 insize=4421 outsize=1828 kw= pd=UNITY_ENABLE_REFLECTION_BUFFERS UNITY_USE_DITHER_MASK_FOR_ALPHABLENDED_SHADOWS UNITY_PBS_USE_BRDF1 UNITY_SPECCUBE_BOX_PROJECTION UNITY_SPECCUBE_BLENDING UNITY_ENABLE_DETAIL_NORMALMAP SHADER_API_DESKTOP UNITY_LIGHT_PROBE_PROXY_VOLUME UNITY_LIGHTMAP_FULL_HDR ok=1
Cmd: compileSnippet
  api=14 type=0 insize=42932 outsize=8040 kw=DECALS_3RT pd=UNITY_ENABLE_REFLECTION_BUFFERS UNITY_USE_DITHER_MASK_FOR_ALPHABLENDED_SHADOWS UNITY_PBS_USE_BRDF1 UNITY_SPECCUBE_BOX_PROJECTION UNITY_SPECCUBE_BLENDING UNITY_ENABLE_DETAIL_NORMALMAP SHADER_API_DESKTOP UNITY_LIGHT_PROBE_PROXY_VOLUME UNITY_LIGHTMAP_FULL_HDR ok=1
Cmd: compileSnippet
  api=14 type=0 insize=42176 outsize=8040 kw=DECALS_3RT SHADOW_LOW USE_CLUSTERED_LIGHTLIST pd=UNITY_ENABLE_REFLECTION_BUFFERS UNITY_USE_DITHER_MASK_FOR_ALPHABLENDED_SHADOWS UNITY_PBS_USE_BRDF1 UNITY_SPECCUBE_BOX_PROJECTION UNITY_SPECCUBE_BLENDING UNITY_ENABLE_DETAIL_NORMALMAP SHADER_API_DESKTOP UNITY_LIGHT_PROBE_PROXY_VOLUME UNITY_LIGHTMAP_FULL_HDR ok=1
Cmd: compileSnippet
  api=14 type=1 insize=39333 outsize=231 kw= pd=UNITY_ENABLE_REFLECTION_BUFFERS UNITY_USE_DITHER_MASK_FOR_ALPHABLENDED_SHADOWS UNITY_PBS_USE_BRDF1 UNITY_SPECCUBE_BOX_PROJECTION UNITY_SPECCUBE_BLENDING UNITY_ENABLE_DETAIL_NORMALMAP SHADER_API_DESKTOP UNITY_LIGHT_PROBE_PROXY_VOLUME UNITY_LIGHTMAP_FULL_HDR ok=1
Cmd: compileSnippet
  api=14 type=0 insize=42939 outsize=8040 kw=DECALS_3RT pd=UNITY_ENABLE_REFLECTION_BUFFERS UNITY_USE_DITHER_MASK_FOR_ALPHABLENDED_SHADOWS UNITY_PBS_USE_BRDF1 UNITY_SPECCUBE_BOX_PROJECTION UNITY_SPECCUBE_BLENDING UNITY_ENABLE_DETAIL_NORMALMAP SHADER_API_DESKTOP UNITY_LIGHT_PROBE_PROXY_VOLUME UNITY_LIGHTMAP_FULL_HDR ok=1
Cmd: compileSnippet
  api=14 type=0 insize=42016 outsize=8040 kw=DECALS_3RT SHADOW_LOW USE_CLUSTERED_LIGHTLIST pd=UNITY_ENABLE_REFLECTION_BUFFERS UNITY_USE_DITHER_MASK_FOR_ALPHABLENDED_SHADOWS UNITY_PBS_USE_BRDF1 UNITY_SPECCUBE_BOX_PROJECTION UNITY_SPECCUBE_BLENDING UNITY_ENABLE_DETAIL_NORMALMAP SHADER_API_DESKTOP UNITY_LIGHT_PROBE_PROXY_VOLUME UNITY_LIGHTMAP_FULL_HDR ok=1
Cmd: compileSnippet
  api=14 type=0 insize=41652 outsize=8040 kw=DECALS_3RT pd=UNITY_ENABLE_REFLECTION_BUFFERS UNITY_USE_DITHER_MASK_FOR_ALPHABLENDED_SHADOWS UNITY_PBS_USE_BRDF1 UNITY_SPECCUBE_BOX_PROJECTION UNITY_SPECCUBE_BLENDING UNITY_ENABLE_DETAIL_NORMALMAP SHADER_API_DESKTOP UNITY_LIGHT_PROBE_PROXY_VOLUME UNITY_LIGHTMAP_FULL_HDR ok=1

Quitting shader compiler process
