Base path: '/Users/hyunahjung/Downloads/2019.2.18f1/Unity.app/Contents', plugins path '/Users/hyunahjung/Downloads/2019.2.18f1/Unity.app/Contents/PlaybackEngines'
Cmd: initializeCompiler
Cmd: compileComputeKernel
  api=14 insize=2627 outsize=9005 ok=1
Cmd: translateComputeKernel
  api=14 insize=9005 outsize=1659 ok=1
Cmd: compileComputeKernel
  api=14 insize=15806 outsize=77842 ok=1
Cmd: compileComputeKernel
  api=14 insize=15806 outsize=57945 ok=1
Cmd: compileComputeKernel
  api=14 insize=15806 outsize=112512 ok=1
Cmd: translateComputeKernel
  api=14 insize=25888 outsize=37068 ok=1
Cmd: translateComputeKernel
  api=14 insize=68242 outsize=139503 ok=1
Cmd: translateComputeKernel
  api=14 insize=45517 outsize=83560 ok=1
Cmd: translateComputeKernel
  api=14 insize=44641 outsize=80561 ok=1
Cmd: translateComputeKernel
  api=14 insize=81142 outsize=171696 ok=1
Cmd: translateComputeKernel
  api=14 insize=94429 outsize=210144 ok=1
Cmd: compileComputeKernel
  api=14 insize=26390 outsize=17903 ok=1
Cmd: translateComputeKernel
  api=14 insize=17510 outsize=34128 ok=1
Cmd: translateComputeKernel
  api=14 insize=9765 outsize=2740 ok=1
Cmd: compileComputeKernel
  api=14 insize=1372 outsize=1246 ok=1
Cmd: compileComputeKernel
  api=14 insize=9590 outsize=15281 ok=1
Cmd: translateComputeKernel
  api=14 insize=15544 outsize=24054 ok=1
Cmd: translateComputeKernel
  api=14 insize=12652 outsize=7910 ok=1
Cmd: compileComputeKernel
  api=14 insize=7611 outsize=1541 ok=1
Cmd: compileComputeKernel
  api=14 insize=3154 outsize=2715 ok=1
Cmd: translateComputeKernel
  api=14 insize=10554 outsize=4623 ok=1
Cmd: translateComputeKernel
  api=14 insize=1503 outsize=1776 ok=1
Cmd: compileComputeKernel
  api=14 insize=7702 outsize=15450 ok=1
Cmd: compileComputeKernel
  api=14 insize=661 outsize=1121 ok=1
Cmd: compileComputeKernel
  api=14 insize=3111 outsize=2800 ok=1
Cmd: translateComputeKernel
  api=14 insize=1540 outsize=1289 ok=1
Cmd: translateComputeKernel
  api=14 insize=7441 outsize=12951 ok=1
Cmd: translateComputeKernel
  api=14 insize=35589 outsize=60661 ok=1
Cmd: compileComputeKernel
  api=14 insize=37247 outsize=45193 ok=1
Cmd: compileComputeKernel
  api=14 insize=37247 outsize=46513 ok=1
Cmd: translateComputeKernel
  api=14 insize=46451 outsize=89879 ok=1
Cmd: translateComputeKernel
  api=14 insize=50521 outsize=98943 ok=1
Cmd: compileComputeKernel
  api=14 insize=5626 outsize=2627 ok=1
Cmd: compileComputeKernel
  api=14 insize=17989 outsize=16792 ok=1
Cmd: compileComputeKernel
  api=14 insize=5190 outsize=1378 ok=1
Cmd: translateComputeKernel
  api=14 insize=1334 outsize=1343 ok=1
Cmd: compileComputeKernel
  api=14 insize=2684 outsize=2632 ok=1
Cmd: compileComputeKernel
  api=14 insize=10127 outsize=4555 ok=1
Cmd: compileComputeKernel
  api=14 insize=7903 outsize=14538 ok=1
Cmd: translateComputeKernel
  api=14 insize=14622 outsize=10377 ok=1
Cmd: compileComputeKernel
  api=14 insize=4037 outsize=1146 ok=1
Cmd: translateComputeKernel
  api=14 insize=1707 outsize=2097 ok=1
Cmd: translateComputeKernel
  api=14 insize=1549 outsize=1432 ok=1
Cmd: compileSnippet
  api=14 type=0 insize=42172 outsize=8040 kw=DECALS_3RT pd=UNITY_ENABLE_REFLECTION_BUFFERS UNITY_USE_DITHER_MASK_FOR_ALPHABLENDED_SHADOWS UNITY_PBS_USE_BRDF1 UNITY_SPECCUBE_BOX_PROJECTION UNITY_SPECCUBE_BLENDING UNITY_ENABLE_DETAIL_NORMALMAP SHADER_API_DESKTOP UNITY_LIGHT_PROBE_PROXY_VOLUME UNITY_LIGHTMAP_FULL_HDR ok=1
Cmd: compileSnippet
  api=14 type=0 insize=3064 outsize=974 kw= pd=UNITY_ENABLE_REFLECTION_BUFFERS UNITY_USE_DITHER_MASK_FOR_ALPHABLENDED_SHADOWS UNITY_PBS_USE_BRDF1 UNITY_SPECCUBE_BOX_PROJECTION UNITY_SPECCUBE_BLENDING UNITY_ENABLE_DETAIL_NORMALMAP SHADER_API_DESKTOP UNITY_LIGHT_PROBE_PROXY_VOLUME UNITY_LIGHTMAP_FULL_HDR ok=1
Cmd: compileSnippet
  api=14 type=1 insize=12539 outsize=12373 kw= pd=UNITY_ENABLE_REFLECTION_BUFFERS UNITY_USE_DITHER_MASK_FOR_ALPHABLENDED_SHADOWS UNITY_PBS_USE_BRDF1 UNITY_SPECCUBE_BOX_PROJECTION UNITY_SPECCUBE_BLENDING UNITY_ENABLE_DETAIL_NORMALMAP SHADER_API_DESKTOP UNITY_LIGHT_PROBE_PROXY_VOLUME UNITY_LIGHTMAP_FULL_HDR ok=1
Cmd: compileSnippet
  api=14 type=1 insize=8428 outsize=198362 kw=DECALS_3RT SHADOW_LOW USE_CLUSTERED_LIGHTLIST _SURFACE_TYPE_TRANSPARENT _DOUBLESIDED_ON _NORMALMAP_TANGENT_SPACE _BLENDMODE_ALPHA _BLENDMODE_PRESERVE_SPECULAR_LIGHTING _ENABLE_FOG_ON_TRANSPARENT _MATERIAL_FEATURE_IRIDESCENCE pd=UNITY_ENABLE_REFLECTION_BUFFERS UNITY_USE_DITHER_MASK_FOR_ALPHABLENDED_SHADOWS UNITY_PBS_USE_BRDF1 UNITY_SPECCUBE_BOX_PROJECTION UNITY_SPECCUBE_BLENDING UNITY_ENABLE_DETAIL_NORMALMAP SHADER_API_DESKTOP UNITY_LIGHT_PROBE_PROXY_VOLUME UNITY_LIGHTMAP_FULL_HDR ok=1
Cmd: compileSnippet
  api=14 type=0 insize=4119 outsize=2679 kw= pd=UNITY_ENABLE_REFLECTION_BUFFERS UNITY_USE_DITHER_MASK_FOR_ALPHABLENDED_SHADOWS UNITY_PBS_USE_BRDF1 UNITY_SPECCUBE_BOX_PROJECTION UNITY_SPECCUBE_BLENDING UNITY_ENABLE_DETAIL_NORMALMAP SHADER_API_DESKTOP UNITY_LIGHT_PROBE_PROXY_VOLUME UNITY_LIGHTMAP_FULL_HDR ok=1
Cmd: compileSnippet
  api=14 type=1 insize=42932 outsize=23039 kw=DECALS_3RT pd=UNITY_ENABLE_REFLECTION_BUFFERS UNITY_USE_DITHER_MASK_FOR_ALPHABLENDED_SHADOWS UNITY_PBS_USE_BRDF1 UNITY_SPECCUBE_BOX_PROJECTION UNITY_SPECCUBE_BLENDING UNITY_ENABLE_DETAIL_NORMALMAP SHADER_API_DESKTOP UNITY_LIGHT_PROBE_PROXY_VOLUME UNITY_LIGHTMAP_FULL_HDR ok=1
Cmd: compileSnippet
  api=14 type=1 insize=42054 outsize=22639 kw=DECALS_3RT pd=UNITY_ENABLE_REFLECTION_BUFFERS UNITY_USE_DITHER_MASK_FOR_ALPHABLENDED_SHADOWS UNITY_PBS_USE_BRDF1 UNITY_SPECCUBE_BOX_PROJECTION UNITY_SPECCUBE_BLENDING UNITY_ENABLE_DETAIL_NORMALMAP SHADER_API_DESKTOP UNITY_LIGHT_PROBE_PROXY_VOLUME UNITY_LIGHTMAP_FULL_HDR ok=1
Cmd: compileSnippet
  api=14 type=0 insize=37993 outsize=8286 kw= pd=UNITY_ENABLE_REFLECTION_BUFFERS UNITY_USE_DITHER_MASK_FOR_ALPHABLENDED_SHADOWS UNITY_PBS_USE_BRDF1 UNITY_SPECCUBE_BOX_PROJECTION UNITY_SPECCUBE_BLENDING UNITY_ENABLE_DETAIL_NORMALMAP SHADER_API_DESKTOP UNITY_LIGHT_PROBE_PROXY_VOLUME UNITY_LIGHTMAP_FULL_HDR ok=1

Quitting shader compiler process
